
--- Job AQ_LEWIE_main.gms Start 12/20/16 10:32:58 24.5.4 r54492 WEX-WEI x86 64bit/MS Windows
GAMS 24.5.4   Copyright (C) 1987-2015 GAMS Development. All rights reserved
Licensee: Computer Services                              G150407:1601CO-GEN
          International Food Policy Research Institute               DC2119
--- Starting compilation
--- AQ_LEWIE_main.gms(81) 3 Mb
--- .includes/1_Read_Excel.gms(17) 3 Mb
--- call gdxxrw input=AQ_LEWIE_InputSheet_v2.xlsx output=AQ_LEWIE_InputSheet_v2.gdx index=Index!A2

GDXXRW           24.5.4 r54492 Released Oct 15, 2015 VS8 x86 32bit/MS Windows 
Input file : D:\Docs\Myanmar\AquaAgri\Analysis\AquaLEWIE_github\GAMS\AQ_LEWIE_InputSheet_v2.xlsx
Output file: D:\Docs\Myanmar\AquaAgri\Analysis\AquaLEWIE_github\GAMS\AQ_LEWIE_InputSheet_v2.gdx
Substituting Index
Total time = 858 Ms
--- .includes/1_Read_Excel.gms(36) 3 Mb
--- GDXin=D:\Docs\Myanmar\AquaAgri\Analysis\AquaLEWIE_github\GAMS\AQ_LEWIE_InputSheet_v2.gdx
--- .includes/1_Read_Excel.gms(157) 3 Mb
--- AQ_LEWIE_main.gms(92) 3 Mb
--- .includes/2_MarketAssumptions.gms(63) 3 Mb
--- AQ_LEWIE_main.gms(101) 3 Mb
--- .includes/3_Model.gms(366) 3 Mb
--- AQ_LEWIE_main.gms(109) 3 Mb
--- .includes/4a_DefineAllParameters.gms(289) 3 Mb
--- AQ_LEWIE_main.gms(585) 3 Mb
--- Starting execution: elapsed 0:00:01.083
--- AQ_LEWIE_main.gms(1448) 5 Mb
--- GDX File D:\Docs\Myanmar\AquaAgri\Analysis\AquaLEWIE_github\GAMS\outmat.gdx
--- AQ_LEWIE_main.gms(1450) 5 Mb
--- AQ_LEWIE_main.gms(1451) 5 Mb

GDXXRW           24.5.4 r54492 Released Oct 15, 2015 VS8 x86 32bit/MS Windows 
Input file : D:\Docs\Myanmar\AquaAgri\Analysis\AquaLEWIE_github\GAMS\outmat.gdx
Output file: D:\Docs\Myanmar\AquaAgri\Analysis\AquaLEWIE_github\GAMS\MakeMeASam.xlsx
Total time = 780 Ms
--- AQ_LEWIE_main.gms(1452) 5 Mb
*** Status: Normal completion
--- Job AQ_LEWIE_main.gms Stop 12/20/16 10:33:01 elapsed 0:00:03.516
